  [1m[35m (237.3ms)[0m  [1m[35mCREATE DATABASE "w7d2_hw_development" ENCODING = 'unicode'[0m
  ↳ /home/bhasty/.rbenv/versions/2.5.1/lib/ruby/gems/2.5.0/gems/rake-13.0.1/lib/rake/task.rb:281
  [1m[35m (252.6ms)[0m  [1m[35mCREATE DATABASE "w7d2_hw_test" ENCODING = 'unicode'[0m
  ↳ /home/bhasty/.rbenv/versions/2.5.1/lib/ruby/gems/2.5.0/gems/rake-13.0.1/lib/rake/task.rb:281
  [1m[35m (4.5ms)[0m  [1m[35mCREATE TABLE "schema_migrations" ("version" character varying NOT NULL PRIMARY KEY)[0m
  ↳ /home/bhasty/.rbenv/versions/2.5.1/lib/ruby/gems/2.5.0/gems/rake-13.0.1/lib/rake/task.rb:281
  [1m[35m (3.8ms)[0m  [1m[35mCREATE TABLE "ar_internal_metadata" ("key" character varying NOT NULL PRIMARY KEY, "value" character varying, "created_at" timestamp NOT NULL, "updated_at" timestamp NOT NULL)[0m
  ↳ /home/bhasty/.rbenv/versions/2.5.1/lib/ruby/gems/2.5.0/gems/rake-13.0.1/lib/rake/task.rb:281
  [1m[35m (0.1ms)[0m  [1m[34mSELECT pg_try_advisory_lock(2611108328383495080)[0m
  ↳ /home/bhasty/.rbenv/versions/2.5.1/lib/ruby/gems/2.5.0/gems/rake-13.0.1/lib/rake/task.rb:281
  [1m[35m (0.2ms)[0m  [1m[34mSELECT "schema_migrations"."version" FROM "schema_migrations" ORDER BY "schema_migrations"."version" ASC[0m
  ↳ /home/bhasty/.rbenv/versions/2.5.1/lib/ruby/gems/2.5.0/gems/rake-13.0.1/lib/rake/task.rb:281
Migrating to CreateUsers (20200324030621)
  [1m[35m (0.1ms)[0m  [1m[35mBEGIN[0m
  ↳ /home/bhasty/.rbenv/versions/2.5.1/lib/ruby/gems/2.5.0/gems/rake-13.0.1/lib/rake/task.rb:281
  [1m[35m (3.3ms)[0m  [1m[35mCREATE TABLE "users" ("id" bigserial primary key, "username" character varying, "password_digest" character varying, "session_token" character varying, "created_at" timestamp NOT NULL, "updated_at" timestamp NOT NULL)[0m
  ↳ db/migrate/20200324030621_create_users.rb:3
  [1m[36mActiveRecord::SchemaMigration Create (0.4ms)[0m  [1m[32mINSERT INTO "schema_migrations" ("version") VALUES ($1) RETURNING "version"[0m  [["version", "20200324030621"]]
  ↳ /home/bhasty/.rbenv/versions/2.5.1/lib/ruby/gems/2.5.0/gems/rake-13.0.1/lib/rake/task.rb:281
  [1m[35m (0.7ms)[0m  [1m[35mCOMMIT[0m
  ↳ /home/bhasty/.rbenv/versions/2.5.1/lib/ruby/gems/2.5.0/gems/rake-13.0.1/lib/rake/task.rb:281
  [1m[36mActiveRecord::InternalMetadata Load (0.2ms)[0m  [1m[34mSELECT  "ar_internal_metadata".* FROM "ar_internal_metadata" WHERE "ar_internal_metadata"."key" = $1 LIMIT $2[0m  [["key", "environment"], ["LIMIT", 1]]
  ↳ /home/bhasty/.rbenv/versions/2.5.1/lib/ruby/gems/2.5.0/gems/rake-13.0.1/lib/rake/task.rb:281
  [1m[35m (0.2ms)[0m  [1m[35mBEGIN[0m
  ↳ /home/bhasty/.rbenv/versions/2.5.1/lib/ruby/gems/2.5.0/gems/rake-13.0.1/lib/rake/task.rb:281
  [1m[36mActiveRecord::InternalMetadata Create (0.3ms)[0m  [1m[32mINSERT INTO "ar_internal_metadata" ("key", "value", "created_at", "updated_at") VALUES ($1, $2, $3, $4) RETURNING "key"[0m  [["key", "environment"], ["value", "development"], ["created_at", "2020-03-24 03:08:16.587259"], ["updated_at", "2020-03-24 03:08:16.587259"]]
  ↳ /home/bhasty/.rbenv/versions/2.5.1/lib/ruby/gems/2.5.0/gems/rake-13.0.1/lib/rake/task.rb:281
  [1m[35m (0.6ms)[0m  [1m[35mCOMMIT[0m
  ↳ /home/bhasty/.rbenv/versions/2.5.1/lib/ruby/gems/2.5.0/gems/rake-13.0.1/lib/rake/task.rb:281
  [1m[35m (0.2ms)[0m  [1m[34mSELECT pg_advisory_unlock(2611108328383495080)[0m
  ↳ /home/bhasty/.rbenv/versions/2.5.1/lib/ruby/gems/2.5.0/gems/rake-13.0.1/lib/rake/task.rb:281
  [1m[35m (0.1ms)[0m  [1m[34mSELECT "schema_migrations"."version" FROM "schema_migrations" ORDER BY "schema_migrations"."version" ASC[0m
  ↳ /home/bhasty/.rbenv/versions/2.5.1/lib/ruby/gems/2.5.0/gems/rake-13.0.1/lib/rake/task.rb:281
  [1m[35m (0.2ms)[0m  [1m[34mSELECT "schema_migrations"."version" FROM "schema_migrations" ORDER BY "schema_migrations"."version" ASC[0m
  ↳ /home/bhasty/.rbenv/versions/2.5.1/lib/ruby/gems/2.5.0/gems/annotate-3.1.0/lib/annotate/annotate_models.rb:787
  [1m[35m (0.3ms)[0m  [1m[34mSELECT "schema_migrations"."version" FROM "schema_migrations" ORDER BY "schema_migrations"."version" ASC[0m
  ↳ /home/bhasty/.rbenv/versions/2.5.1/lib/ruby/gems/2.5.0/gems/rake-13.0.1/lib/rake/task.rb:281
  [1m[35m (0.1ms)[0m  [1m[34mSELECT "schema_migrations"."version" FROM "schema_migrations" ORDER BY "schema_migrations"."version" ASC[0m
  ↳ /home/bhasty/.rbenv/versions/2.5.1/lib/ruby/gems/2.5.0/gems/rake-13.0.1/lib/rake/task.rb:281
  [1m[35m (0.2ms)[0m  [1m[34mSELECT "schema_migrations"."version" FROM "schema_migrations" ORDER BY "schema_migrations"."version" ASC[0m
  ↳ /home/bhasty/.rbenv/versions/2.5.1/lib/ruby/gems/2.5.0/gems/rake-13.0.1/lib/rake/task.rb:281
  [1m[35m (0.1ms)[0m  [1m[34mSELECT pg_try_advisory_lock(2611108328383495080)[0m
  ↳ /home/bhasty/.rbenv/versions/2.5.1/lib/ruby/gems/2.5.0/gems/rake-13.0.1/lib/rake/task.rb:281
  [1m[35m (0.1ms)[0m  [1m[34mSELECT "schema_migrations"."version" FROM "schema_migrations" ORDER BY "schema_migrations"."version" ASC[0m
  ↳ /home/bhasty/.rbenv/versions/2.5.1/lib/ruby/gems/2.5.0/gems/rake-13.0.1/lib/rake/task.rb:281
Migrating to CreateUsers (20200324030621)
  [1m[35m (0.0ms)[0m  [1m[35mBEGIN[0m
  ↳ /home/bhasty/.rbenv/versions/2.5.1/lib/ruby/gems/2.5.0/gems/rake-13.0.1/lib/rake/task.rb:281
  [1m[35m (0.9ms)[0m  [1m[35mDROP TABLE "users"[0m
  ↳ /home/bhasty/.rbenv/versions/2.5.1/lib/ruby/gems/2.5.0/gems/rake-13.0.1/lib/rake/task.rb:281
  [1m[36mActiveRecord::SchemaMigration Destroy (0.2ms)[0m  [1m[31mDELETE FROM "schema_migrations" WHERE "schema_migrations"."version" = $1[0m  [["version", "20200324030621"]]
  ↳ /home/bhasty/.rbenv/versions/2.5.1/lib/ruby/gems/2.5.0/gems/rake-13.0.1/lib/rake/task.rb:281
  [1m[35m (0.9ms)[0m  [1m[35mCOMMIT[0m
  ↳ /home/bhasty/.rbenv/versions/2.5.1/lib/ruby/gems/2.5.0/gems/rake-13.0.1/lib/rake/task.rb:281
  [1m[35m (0.2ms)[0m  [1m[34mSELECT pg_advisory_unlock(2611108328383495080)[0m
  ↳ /home/bhasty/.rbenv/versions/2.5.1/lib/ruby/gems/2.5.0/gems/rake-13.0.1/lib/rake/task.rb:281
  [1m[35m (0.2ms)[0m  [1m[34mSELECT "schema_migrations"."version" FROM "schema_migrations" ORDER BY "schema_migrations"."version" ASC[0m
  ↳ /home/bhasty/.rbenv/versions/2.5.1/lib/ruby/gems/2.5.0/gems/rake-13.0.1/lib/rake/task.rb:281
  [1m[35m (0.2ms)[0m  [1m[34mSELECT pg_try_advisory_lock(2611108328383495080)[0m
  ↳ /home/bhasty/.rbenv/versions/2.5.1/lib/ruby/gems/2.5.0/gems/rake-13.0.1/lib/rake/task.rb:281
  [1m[35m (0.3ms)[0m  [1m[34mSELECT "schema_migrations"."version" FROM "schema_migrations" ORDER BY "schema_migrations"."version" ASC[0m
  ↳ /home/bhasty/.rbenv/versions/2.5.1/lib/ruby/gems/2.5.0/gems/rake-13.0.1/lib/rake/task.rb:281
Migrating to CreateUsers (20200324030621)
  [1m[35m (0.2ms)[0m  [1m[35mBEGIN[0m
  ↳ /home/bhasty/.rbenv/versions/2.5.1/lib/ruby/gems/2.5.0/gems/rake-13.0.1/lib/rake/task.rb:281
  [1m[35m (53.7ms)[0m  [1m[35mCREATE TABLE "users" ("id" bigserial primary key, "username" character varying NOT NULL, "password_digest" character varying NOT NULL, "session_token" character varying NOT NULL, "created_at" timestamp NOT NULL, "updated_at" timestamp NOT NULL)[0m
  ↳ db/migrate/20200324030621_create_users.rb:3
  [1m[36mActiveRecord::SchemaMigration Create (0.2ms)[0m  [1m[32mINSERT INTO "schema_migrations" ("version") VALUES ($1) RETURNING "version"[0m  [["version", "20200324030621"]]
  ↳ /home/bhasty/.rbenv/versions/2.5.1/lib/ruby/gems/2.5.0/gems/rake-13.0.1/lib/rake/task.rb:281
  [1m[35m (0.7ms)[0m  [1m[35mCOMMIT[0m
  ↳ /home/bhasty/.rbenv/versions/2.5.1/lib/ruby/gems/2.5.0/gems/rake-13.0.1/lib/rake/task.rb:281
  [1m[36mActiveRecord::InternalMetadata Load (0.3ms)[0m  [1m[34mSELECT  "ar_internal_metadata".* FROM "ar_internal_metadata" WHERE "ar_internal_metadata"."key" = $1 LIMIT $2[0m  [["key", "environment"], ["LIMIT", 1]]
  ↳ /home/bhasty/.rbenv/versions/2.5.1/lib/ruby/gems/2.5.0/gems/rake-13.0.1/lib/rake/task.rb:281
  [1m[35m (0.2ms)[0m  [1m[35mBEGIN[0m
  ↳ /home/bhasty/.rbenv/versions/2.5.1/lib/ruby/gems/2.5.0/gems/rake-13.0.1/lib/rake/task.rb:281
  [1m[35m (0.1ms)[0m  [1m[35mCOMMIT[0m
  ↳ /home/bhasty/.rbenv/versions/2.5.1/lib/ruby/gems/2.5.0/gems/rake-13.0.1/lib/rake/task.rb:281
  [1m[35m (0.2ms)[0m  [1m[34mSELECT pg_advisory_unlock(2611108328383495080)[0m
  ↳ /home/bhasty/.rbenv/versions/2.5.1/lib/ruby/gems/2.5.0/gems/rake-13.0.1/lib/rake/task.rb:281
  [1m[35m (0.2ms)[0m  [1m[34mSELECT "schema_migrations"."version" FROM "schema_migrations" ORDER BY "schema_migrations"."version" ASC[0m
  ↳ /home/bhasty/.rbenv/versions/2.5.1/lib/ruby/gems/2.5.0/gems/rake-13.0.1/lib/rake/task.rb:281
